<?xml version="1.0" encoding="UTF-8"?>
<testsuite name="ChangeMakerAppTest" tests="4" skipped="0" failures="0" errors="0" timestamp="2015-08-13T22:24:58" hostname="epicodus-107.local" time="0.003">
  <properties/>
  <testcase name="changeMakerApp_changeAferDimesIs1_returnPennies" classname="ChangeMakerAppTest" time="0.002"/>
  <testcase name="changeMakerApp_changeAfterQuartersIs10_ReturnDimes" classname="ChangeMakerAppTest" time="0.0"/>
  <testcase name="changeMakerApp_changeAfterDimesIs5_ReturnNickels" classname="ChangeMakerAppTest" time="0.0"/>
  <testcase name="changeMakerApp_changeIs25OrMore_ReturnQuarters" classname="ChangeMakerAppTest" time="0.0"/>
  <system-out><![CDATA[]]></system-out>
  <system-err><![CDATA[]]></system-err>
</testsuite>
